<?xml version="1.0" encoding="UTF-8"?>
<testng-results ignored="0" total="4" passed="4" failed="0" skipped="0">
  <reporter-output>
  </reporter-output>
  <suite started-at="2024-07-05T12:32:13 IST" name="Default suite" finished-at="2024-07-05T12:32:18 IST" duration-ms="5318">
    <groups>
    </groups>
    <test started-at="2024-07-05T12:32:13 IST" name="Default test" finished-at="2024-07-05T12:32:18 IST" duration-ms="5318">
      <class name="api.test.TestEmployee">
        <test-method is-config="true" signature="setupdata()[pri:0, instance:api.test.TestEmployee@4d910fd6]" started-at="2024-07-05T12:32:13 IST" name="setupdata" finished-at="2024-07-05T12:32:14 IST" duration-ms="688" status="PASS">
          <reporter-output>
          </reporter-output>
        </test-method> <!-- setupdata -->
        <test-method signature="testCreateEmployee()[pri:1, instance:api.test.TestEmployee@4d910fd6]" started-at="2024-07-05T12:32:14 IST" name="testCreateEmployee" finished-at="2024-07-05T12:32:18 IST" duration-ms="4156" status="PASS">
          <reporter-output>
          </reporter-output>
        </test-method> <!-- testCreateEmployee -->
        <test-method signature="testGetAllemployees()[pri:2, instance:api.test.TestEmployee@4d910fd6]" started-at="2024-07-05T12:32:18 IST" name="testGetAllemployees" finished-at="2024-07-05T12:32:18 IST" duration-ms="128" status="PASS">
          <reporter-output>
          </reporter-output>
        </test-method> <!-- testGetAllemployees -->
        <test-method signature="testGetEmployeeById()[pri:3, instance:api.test.TestEmployee@4d910fd6]" started-at="2024-07-05T12:32:18 IST" name="testGetEmployeeById" finished-at="2024-07-05T12:32:18 IST" duration-ms="63" status="PASS">
          <reporter-output>
          </reporter-output>
        </test-method> <!-- testGetEmployeeById -->
        <test-method signature="testUpdateEmployeeById()[pri:4, instance:api.test.TestEmployee@4d910fd6]" started-at="2024-07-05T12:32:18 IST" name="testUpdateEmployeeById" finished-at="2024-07-05T12:32:18 IST" duration-ms="132" status="PASS">
          <reporter-output>
          </reporter-output>
        </test-method> <!-- testUpdateEmployeeById -->
      </class> <!-- api.test.TestEmployee -->
    </test> <!-- Default test -->
  </suite> <!-- Default suite -->
</testng-results>
