<?xml version="1.0" encoding="UTF-8"?>
<!-- Generated by org.testng.reporters.JUnitXMLReporter -->
<testsuite ignored="0" hostname="Roni" failures="0" tests="4" name="Default test" time="5.318" errors="0" timestamp="2024-07-05T12:32:18 IST">
  <testcase classname="api.test.TestEmployee" name="testCreateEmployee" time="4.156"/>
  <testcase classname="api.test.TestEmployee" name="testGetAllemployees" time="0.128"/>
  <testcase classname="api.test.TestEmployee" name="testGetEmployeeById" time="0.063"/>
  <testcase classname="api.test.TestEmployee" name="testUpdateEmployeeById" time="0.132"/>
</testsuite> <!-- Default test -->
