<?xml version="1.0" encoding="UTF-8"?>
<!-- Generated by org.testng.reporters.JUnitXMLReporter -->
<testsuite ignored="2" hostname="Roni" failures="1" tests="2" name="Surefire test" time="4.268" errors="0" timestamp="2024-07-05T12:38:07 IST">
  <testcase classname="api.test.TestEmployee" name="testGetEmployeeById" time="3.226"/>
  <testcase classname="api.test.TestEmployee" name="testUpdateEmployeeById" time="0.933">
    <failure type="java.lang.AssertionError" message="expected [200] but found [500]">
      <![CDATA[java.lang.AssertionError: expected [200] but found [500]
at api.test.TestEmployee.testUpdateEmployeeById(TestEmployee.java:91)
at java.base/java.util.ArrayList.forEach(ArrayList.java:1511)
... Removed 39 stack frames]]>
    </failure>
  </testcase> <!-- testUpdateEmployeeById -->
  <testcase classname="api.test.TestEmployee" name="testGetAllemployees" time="0.0">
    <ignored/>
  </testcase> <!-- testGetAllemployees -->
  <testcase classname="api.test.TestEmployee" name="testCreateEmployee" time="0.0">
    <ignored/>
  </testcase> <!-- testCreateEmployee -->
</testsuite> <!-- Surefire test -->
